<?xml version="1.0" encoding="UTF-8"?>
<!-- Generated by org.testng.reporters.JUnitXMLReporter -->
<testsuite ignored="0" hostname="LTPBAN222494485" failures="1" tests="15" name="Test" time="150.353" errors="0" timestamp="2026-08-25T15:59:40 IST">
  <testcase classname="com.demoqa.tests.PracticeFormTest" name="fillPracticeForm" time="2.243"/>
  <testcase classname="com.demoqa.tests.UploadDownloadTest" name="verifyFileDownload" time="6.647"/>
  <testcase classname="com.demoqa.tests.UploadDownloadTest" name="verifyFileUpload" time="2.011"/>
  <testcase classname="com.demoqa.tests.ControlTest" name="verifyDoubleClick" time="1.728">
    <failure type="java.lang.AssertionError" message="expected [You have done a double click check fail] but found [You have done a double click]">
      <![CDATA[java.lang.AssertionError: expected [You have done a double click check fail] but found [You have done a double click]
at com.demoqa.tests.ControlTest.verifyDoubleClick(ControlTest.java:21)
at java.base/java.util.ArrayList.forEach(ArrayList.java:1541)
... Removed 37 stack frames]]>
    </failure>
  </testcase> <!-- verifyDoubleClick -->
  <testcase classname="com.demoqa.tests.ControlTest" name="verifyRightClick" time="1.422"/>
  <testcase classname="com.demoqa.tests.ControlTest" name="verifyDynamicClick" time="1.362"/>
  <testcase classname="com.demoqa.tests.ControlTest" name="verifyCheckboxSelection" time="1.097"/>
  <testcase classname="com.demoqa.tests.FormTest" name="submitPracticeForm" time="1.952"/>
  <testcase classname="com.demoqa.tests.FormTest" name="submitPracticeForm" time="2.516"/>
  <testcase classname="com.demoqa.tests.FormTest" name="submitPracticeForm" time="2.062"/>
  <testcase classname="com.demoqa.tests.FormTest" name="submitPracticeForm" time="2.573"/>
  <testcase classname="com.demoqa.tests.FormTest" name="submitPracticeForm" time="2.487"/>
  <testcase classname="com.demoqa.tests.SelectMenuTest" name="verifyOldStyleDropdown" time="1.685"/>
  <testcase classname="com.demoqa.tests.SelectMenuTest" name="verifyAutoSuggestiveDropdown" time="1.637"/>
  <testcase classname="com.demoqa.tests.SelectMenuTest" name="verifyMultiSelectDropdown" time="4.518"/>
</testsuite> <!-- Test -->
