<?xml version="1.0" encoding="UTF-8"?>
<testng-results ignored="0" total="15" passed="14" failed="1" skipped="0">
  <reporter-output>
  </reporter-output>
  <suite started-at="2026-08-25T15:57:10 IST" name="Automation Suite" finished-at="2026-08-25T15:59:40 IST" duration-ms="150353">
    <groups>
    </groups>
    <test started-at="2026-08-25T15:57:10 IST" name="Test" finished-at="2026-08-25T15:59:40 IST" duration-ms="150353">
      <class name="com.demoqa.tests.PracticeFormTest">
        <test-method is-config="true" signature="setUp()[pri:0, instance:com.demoqa.tests.PracticeFormTest@49b2a47d]" started-at="2026-08-25T15:57:10 IST" name="setUp" finished-at="2026-08-25T15:57:19 IST" duration-ms="8624" status="PASS">
          <reporter-output>
          </reporter-output>
        </test-method> <!-- setUp -->
        <test-method signature="fillPracticeForm()[pri:0, instance:com.demoqa.tests.PracticeFormTest@49b2a47d]" started-at="2026-08-25T15:57:19 IST" name="fillPracticeForm" finished-at="2026-08-25T15:57:21 IST" duration-ms="2243" status="PASS">
          <reporter-output>
          </reporter-output>
        </test-method> <!-- fillPracticeForm -->
        <test-method is-config="true" signature="tearDown()[pri:0, instance:com.demoqa.tests.PracticeFormTest@49b2a47d]" started-at="2026-08-25T15:57:21 IST" name="tearDown" finished-at="2026-08-25T15:57:22 IST" duration-ms="717" status="PASS">
          <reporter-output>
          </reporter-output>
        </test-method> <!-- tearDown -->
      </class> <!-- com.demoqa.tests.PracticeFormTest -->
      <class name="com.demoqa.tests.SelectMenuTest">
        <test-method is-config="true" signature="setUp()[pri:0, instance:com.demoqa.tests.SelectMenuTest@74287ea3]" started-at="2026-08-25T15:59:13 IST" name="setUp" finished-at="2026-08-25T15:59:21 IST" duration-ms="7141" status="PASS">
          <reporter-output>
          </reporter-output>
        </test-method> <!-- setUp -->
        <test-method signature="verifyOldStyleDropdown()[pri:1, instance:com.demoqa.tests.SelectMenuTest@74287ea3]" started-at="2026-08-25T15:59:21 IST" name="verifyOldStyleDropdown" finished-at="2026-08-25T15:59:22 IST" duration-ms="1685" status="PASS">
          <reporter-output>
          </reporter-output>
        </test-method> <!-- verifyOldStyleDropdown -->
        <test-method is-config="true" signature="tearDown()[pri:0, instance:com.demoqa.tests.SelectMenuTest@74287ea3]" started-at="2026-08-25T15:59:22 IST" name="tearDown" finished-at="2026-08-25T15:59:23 IST" duration-ms="312" status="PASS">
          <reporter-output>
          </reporter-output>
        </test-method> <!-- tearDown -->
        <test-method is-config="true" signature="setUp()[pri:0, instance:com.demoqa.tests.SelectMenuTest@74287ea3]" started-at="2026-08-25T15:59:23 IST" name="setUp" finished-at="2026-08-25T15:59:29 IST" duration-ms="6776" status="PASS">
          <reporter-output>
          </reporter-output>
        </test-method> <!-- setUp -->
        <test-method signature="verifyAutoSuggestiveDropdown()[pri:2, instance:com.demoqa.tests.SelectMenuTest@74287ea3]" started-at="2026-08-25T15:59:29 IST" name="verifyAutoSuggestiveDropdown" finished-at="2026-08-25T15:59:31 IST" duration-ms="1637" status="PASS">
          <reporter-output>
          </reporter-output>
        </test-method> <!-- verifyAutoSuggestiveDropdown -->
        <test-method is-config="true" signature="tearDown()[pri:0, instance:com.demoqa.tests.SelectMenuTest@74287ea3]" started-at="2026-08-25T15:59:31 IST" name="tearDown" finished-at="2026-08-25T15:59:31 IST" duration-ms="344" status="PASS">
          <reporter-output>
          </reporter-output>
        </test-method> <!-- tearDown -->
        <test-method is-config="true" signature="setUp()[pri:0, instance:com.demoqa.tests.SelectMenuTest@74287ea3]" started-at="2026-08-25T15:59:31 IST" name="setUp" finished-at="2026-08-25T15:59:35 IST" duration-ms="4053" status="PASS">
          <reporter-output>
          </reporter-output>
        </test-method> <!-- setUp -->
        <test-method signature="verifyMultiSelectDropdown()[pri:3, instance:com.demoqa.tests.SelectMenuTest@74287ea3]" started-at="2026-08-25T15:59:35 IST" name="verifyMultiSelectDropdown" finished-at="2026-08-25T15:59:40 IST" duration-ms="4518" status="PASS">
          <reporter-output>
          </reporter-output>
        </test-method> <!-- verifyMultiSelectDropdown -->
        <test-method is-config="true" signature="tearDown()[pri:0, instance:com.demoqa.tests.SelectMenuTest@74287ea3]" started-at="2026-08-25T15:59:40 IST" name="tearDown" finished-at="2026-08-25T15:59:40 IST" duration-ms="427" status="PASS">
          <reporter-output>
          </reporter-output>
        </test-method> <!-- tearDown -->
      </class> <!-- com.demoqa.tests.SelectMenuTest -->
      <class name="com.demoqa.tests.UploadDownloadTest">
        <test-method is-config="true" signature="setUp()[pri:0, instance:com.demoqa.tests.UploadDownloadTest@3214ee6]" started-at="2026-08-25T15:57:22 IST" name="setUp" finished-at="2026-08-25T15:57:29 IST" duration-ms="6904" status="PASS">
          <reporter-output>
          </reporter-output>
        </test-method> <!-- setUp -->
        <test-method signature="verifyFileDownload()[pri:0, instance:com.demoqa.tests.UploadDownloadTest@3214ee6]" started-at="2026-08-25T15:57:29 IST" name="verifyFileDownload" finished-at="2026-08-25T15:57:35 IST" duration-ms="6647" status="PASS">
          <reporter-output>
          </reporter-output>
        </test-method> <!-- verifyFileDownload -->
        <test-method is-config="true" signature="tearDown()[pri:0, instance:com.demoqa.tests.UploadDownloadTest@3214ee6]" started-at="2026-08-25T15:57:35 IST" name="tearDown" finished-at="2026-08-25T15:57:36 IST" duration-ms="715" status="PASS">
          <reporter-output>
          </reporter-output>
        </test-method> <!-- tearDown -->
        <test-method is-config="true" signature="setUp()[pri:0, instance:com.demoqa.tests.UploadDownloadTest@3214ee6]" started-at="2026-08-25T15:57:36 IST" name="setUp" finished-at="2026-08-25T15:57:43 IST" duration-ms="6953" status="PASS">
          <reporter-output>
          </reporter-output>
        </test-method> <!-- setUp -->
        <test-method signature="verifyFileUpload()[pri:0, instance:com.demoqa.tests.UploadDownloadTest@3214ee6]" started-at="2026-08-25T15:57:43 IST" name="verifyFileUpload" finished-at="2026-08-25T15:57:45 IST" duration-ms="2011" status="PASS">
          <reporter-output>
          </reporter-output>
        </test-method> <!-- verifyFileUpload -->
        <test-method is-config="true" signature="tearDown()[pri:0, instance:com.demoqa.tests.UploadDownloadTest@3214ee6]" started-at="2026-08-25T15:57:45 IST" name="tearDown" finished-at="2026-08-25T15:57:45 IST" duration-ms="363" status="PASS">
          <reporter-output>
          </reporter-output>
        </test-method> <!-- tearDown -->
      </class> <!-- com.demoqa.tests.UploadDownloadTest -->
      <class name="com.demoqa.tests.FormTest">
        <test-method is-config="true" signature="setUp()[pri:0, instance:com.demoqa.tests.FormTest@4a07d605]" started-at="2026-08-25T15:58:22 IST" name="setUp" finished-at="2026-08-25T15:58:31 IST" duration-ms="8822" status="PASS">
          <reporter-output>
          </reporter-output>
        </test-method> <!-- setUp -->
        <test-method signature="submitPracticeForm(java.lang.String,java.lang.String,java.lang.String,java.lang.String,java.lang.String,java.lang.String)[pri:0, instance:com.demoqa.tests.FormTest@4a07d605]" started-at="2026-08-25T15:58:31 IST" name="submitPracticeForm" data-provider="formData" finished-at="2026-08-25T15:58:32 IST" duration-ms="1952" status="PASS">
          <params>
            <param index="0">
              <value>
                <![CDATA[TC001]]>
              </value>
            </param>
            <param index="1">
              <value>
                <![CDATA[Sourya]]>
              </value>
            </param>
            <param index="2">
              <value>
                <![CDATA[Verma]]>
              </value>
            </param>
            <param index="3">
              <value>
                <![CDATA[sourya.verma@example.com]]>
              </value>
            </param>
            <param index="4">
              <value>
                <![CDATA[9876543210]]>
              </value>
            </param>
            <param index="5">
              <value>
                <![CDATA[C:\TestData\Documents\resume_sourya.pdf]]>
              </value>
            </param>
          </params>
          <reporter-output>
          </reporter-output>
        </test-method> <!-- submitPracticeForm -->
        <test-method is-config="true" signature="tearDown()[pri:0, instance:com.demoqa.tests.FormTest@4a07d605]" started-at="2026-08-25T15:58:32 IST" name="tearDown" finished-at="2026-08-25T15:58:33 IST" duration-ms="420" status="PASS">
          <reporter-output>
          </reporter-output>
        </test-method> <!-- tearDown -->
        <test-method is-config="true" signature="setUp()[pri:0, instance:com.demoqa.tests.FormTest@4a07d605]" started-at="2026-08-25T15:58:33 IST" name="setUp" finished-at="2026-08-25T15:58:41 IST" duration-ms="7792" status="PASS">
          <reporter-output>
          </reporter-output>
        </test-method> <!-- setUp -->
        <test-method signature="submitPracticeForm(java.lang.String,java.lang.String,java.lang.String,java.lang.String,java.lang.String,java.lang.String)[pri:0, instance:com.demoqa.tests.FormTest@4a07d605]" started-at="2026-08-25T15:58:41 IST" name="submitPracticeForm" data-provider="formData" finished-at="2026-08-25T15:58:43 IST" duration-ms="2516" status="PASS">
          <params>
            <param index="0">
              <value>
                <![CDATA[TC002]]>
              </value>
            </param>
            <param index="1">
              <value>
                <![CDATA[Priya]]>
              </value>
            </param>
            <param index="2">
              <value>
                <![CDATA[Sharma]]>
              </value>
            </param>
            <param index="3">
              <value>
                <![CDATA[priya.sharma@example.com]]>
              </value>
            </param>
            <param index="4">
              <value>
                <![CDATA[9812345678]]>
              </value>
            </param>
            <param index="5">
              <value>
                <![CDATA[C:\TestData\Documents\priya_profile.pdf]]>
              </value>
            </param>
          </params>
          <reporter-output>
          </reporter-output>
        </test-method> <!-- submitPracticeForm -->
        <test-method is-config="true" signature="tearDown()[pri:0, instance:com.demoqa.tests.FormTest@4a07d605]" started-at="2026-08-25T15:58:43 IST" name="tearDown" finished-at="2026-08-25T15:58:44 IST" duration-ms="628" status="PASS">
          <reporter-output>
          </reporter-output>
        </test-method> <!-- tearDown -->
        <test-method is-config="true" signature="setUp()[pri:0, instance:com.demoqa.tests.FormTest@4a07d605]" started-at="2026-08-25T15:58:44 IST" name="setUp" finished-at="2026-08-25T15:58:51 IST" duration-ms="6716" status="PASS">
          <reporter-output>
          </reporter-output>
        </test-method> <!-- setUp -->
        <test-method signature="submitPracticeForm(java.lang.String,java.lang.String,java.lang.String,java.lang.String,java.lang.String,java.lang.String)[pri:0, instance:com.demoqa.tests.FormTest@4a07d605]" started-at="2026-08-25T15:58:51 IST" name="submitPracticeForm" data-provider="formData" finished-at="2026-08-25T15:58:53 IST" duration-ms="2062" status="PASS">
          <params>
            <param index="0">
              <value>
                <![CDATA[TC003]]>
              </value>
            </param>
            <param index="1">
              <value>
                <![CDATA[Rahul]]>
              </value>
            </param>
            <param index="2">
              <value>
                <![CDATA[Verma]]>
              </value>
            </param>
            <param index="3">
              <value>
                <![CDATA[rahul.verma@example.com]]>
              </value>
            </param>
            <param index="4">
              <value>
                <![CDATA[9923456781]]>
              </value>
            </param>
            <param index="5">
              <value>
                <![CDATA[C:\TestData\Documents\rahul_cv.pdf]]>
              </value>
            </param>
          </params>
          <reporter-output>
          </reporter-output>
        </test-method> <!-- submitPracticeForm -->
        <test-method is-config="true" signature="tearDown()[pri:0, instance:com.demoqa.tests.FormTest@4a07d605]" started-at="2026-08-25T15:58:53 IST" name="tearDown" finished-at="2026-08-25T15:58:53 IST" duration-ms="376" status="PASS">
          <reporter-output>
          </reporter-output>
        </test-method> <!-- tearDown -->
        <test-method is-config="true" signature="setUp()[pri:0, instance:com.demoqa.tests.FormTest@4a07d605]" started-at="2026-08-25T15:58:53 IST" name="setUp" finished-at="2026-08-25T15:59:00 IST" duration-ms="7352" status="PASS">
          <reporter-output>
          </reporter-output>
        </test-method> <!-- setUp -->
        <test-method signature="submitPracticeForm(java.lang.String,java.lang.String,java.lang.String,java.lang.String,java.lang.String,java.lang.String)[pri:0, instance:com.demoqa.tests.FormTest@4a07d605]" started-at="2026-08-25T15:59:00 IST" name="submitPracticeForm" data-provider="formData" finished-at="2026-08-25T15:59:03 IST" duration-ms="2573" status="PASS">
          <params>
            <param index="0">
              <value>
                <![CDATA[TC004]]>
              </value>
            </param>
            <param index="1">
              <value>
                <![CDATA[Anjali]]>
              </value>
            </param>
            <param index="2">
              <value>
                <![CDATA[Patel]]>
              </value>
            </param>
            <param index="3">
              <value>
                <![CDATA[anjali.patel@example.com]]>
              </value>
            </param>
            <param index="4">
              <value>
                <![CDATA[9765432109]]>
              </value>
            </param>
            <param index="5">
              <value>
                <![CDATA[C:\TestData\Documents\anjali_resume.docx]]>
              </value>
            </param>
          </params>
          <reporter-output>
          </reporter-output>
        </test-method> <!-- submitPracticeForm -->
        <test-method is-config="true" signature="tearDown()[pri:0, instance:com.demoqa.tests.FormTest@4a07d605]" started-at="2026-08-25T15:59:03 IST" name="tearDown" finished-at="2026-08-25T15:59:03 IST" duration-ms="314" status="PASS">
          <reporter-output>
          </reporter-output>
        </test-method> <!-- tearDown -->
        <test-method is-config="true" signature="setUp()[pri:0, instance:com.demoqa.tests.FormTest@4a07d605]" started-at="2026-08-25T15:59:03 IST" name="setUp" finished-at="2026-08-25T15:59:11 IST" duration-ms="7262" status="PASS">
          <reporter-output>
          </reporter-output>
        </test-method> <!-- setUp -->
        <test-method signature="submitPracticeForm(java.lang.String,java.lang.String,java.lang.String,java.lang.String,java.lang.String,java.lang.String)[pri:0, instance:com.demoqa.tests.FormTest@4a07d605]" started-at="2026-08-25T15:59:11 IST" name="submitPracticeForm" data-provider="formData" finished-at="2026-08-25T15:59:13 IST" duration-ms="2487" status="PASS">
          <params>
            <param index="0">
              <value>
                <![CDATA[TC005]]>
              </value>
            </param>
            <param index="1">
              <value>
                <![CDATA[Amit]]>
              </value>
            </param>
            <param index="2">
              <value>
                <![CDATA[Kumar]]>
              </value>
            </param>
            <param index="3">
              <value>
                <![CDATA[amit.kumar@example.com]]>
              </value>
            </param>
            <param index="4">
              <value>
                <![CDATA[9898765432]]>
              </value>
            </param>
            <param index="5">
              <value>
                <![CDATA[C:\TestData\Documents\amit_details.pdf]]>
              </value>
            </param>
          </params>
          <reporter-output>
          </reporter-output>
        </test-method> <!-- submitPracticeForm -->
        <test-method is-config="true" signature="tearDown()[pri:0, instance:com.demoqa.tests.FormTest@4a07d605]" started-at="2026-08-25T15:59:13 IST" name="tearDown" finished-at="2026-08-25T15:59:13 IST" duration-ms="500" status="PASS">
          <reporter-output>
          </reporter-output>
        </test-method> <!-- tearDown -->
      </class> <!-- com.demoqa.tests.FormTest -->
      <class name="com.demoqa.tests.ControlTest">
        <test-method is-config="true" signature="setUp()[pri:0, instance:com.demoqa.tests.ControlTest@383dc82c]" started-at="2026-08-25T15:57:45 IST" name="setUp" finished-at="2026-08-25T15:57:52 IST" duration-ms="6943" status="PASS">
          <reporter-output>
          </reporter-output>
        </test-method> <!-- setUp -->
        <test-method signature="verifyDoubleClick()[pri:1, instance:com.demoqa.tests.ControlTest@383dc82c]" started-at="2026-08-25T15:57:52 IST" name="verifyDoubleClick" finished-at="2026-08-25T15:57:54 IST" duration-ms="1728" status="FAIL">
          <exception class="java.lang.AssertionError">
            <message>
              <![CDATA[expected [You have done a double click check fail] but found [You have done a double click]]]>
            </message>
            <full-stacktrace>
              <![CDATA[java.lang.AssertionError: expected [You have done a double click check fail] but found [You have done a double click]
at org.testng.Assert.fail(Assert.java:111)
at org.testng.Assert.failNotEquals(Assert.java:1578)
at org.testng.Assert.assertEqualsImpl(Assert.java:150)
at org.testng.Assert.assertEquals(Assert.java:132)
at org.testng.Assert.assertEquals(Assert.java:656)
at org.testng.Assert.assertEquals(Assert.java:666)
at com.demoqa.tests.ControlTest.verifyDoubleClick(ControlTest.java:21)
at java.base/jdk.internal.reflect.NativeMethodAccessorImpl.invoke0(Native Method)
at java.base/jdk.internal.reflect.NativeMethodAccessorImpl.invoke(NativeMethodAccessorImpl.java:62)
at java.base/jdk.internal.reflect.DelegatingMethodAccessorImpl.invoke(DelegatingMethodAccessorImpl.java:43)
at java.base/java.lang.reflect.Method.invoke(Method.java:566)
at org.testng.internal.invokers.MethodInvocationHelper.invokeMethod(MethodInvocationHelper.java:141)
at org.testng.internal.invokers.TestInvoker.invokeMethod(TestInvoker.java:686)
at org.testng.internal.invokers.TestInvoker.invokeTestMethod(TestInvoker.java:230)
at org.testng.internal.invokers.MethodRunner.runInSequence(MethodRunner.java:63)
at org.testng.internal.invokers.TestInvoker$MethodInvocationAgent.invoke(TestInvoker.java:992)
at org.testng.internal.invokers.TestInvoker.invokeTestMethods(TestInvoker.java:203)
at org.testng.internal.invokers.TestMethodWorker.invokeTestMethods(TestMethodWorker.java:154)
at org.testng.internal.invokers.TestMethodWorker.run(TestMethodWorker.java:134)
at java.base/java.util.ArrayList.forEach(ArrayList.java:1541)
at org.testng.TestRunner.privateRun(TestRunner.java:739)
at org.testng.TestRunner.run(TestRunner.java:614)
at org.testng.SuiteRunner.runTest(SuiteRunner.java:421)
at org.testng.SuiteRunner.runSequentially(SuiteRunner.java:413)
at org.testng.SuiteRunner.privateRun(SuiteRunner.java:373)
at org.testng.SuiteRunner.run(SuiteRunner.java:312)
at org.testng.SuiteRunnerWorker.runSuite(SuiteRunnerWorker.java:52)
at org.testng.SuiteRunnerWorker.run(SuiteRunnerWorker.java:95)
at org.testng.TestNG.runSuitesSequentially(TestNG.java:1274)
at org.testng.TestNG.runSuitesLocally(TestNG.java:1208)
at org.testng.TestNG.runSuites(TestNG.java:1112)
at org.testng.TestNG.run(TestNG.java:1079)
at org.apache.maven.surefire.testng.TestNGExecutor.run(TestNGExecutor.java:308)
at org.apache.maven.surefire.testng.TestNGXmlTestSuite.execute(TestNGXmlTestSuite.java:71)
at org.apache.maven.surefire.testng.TestNGProvider.invoke(TestNGProvider.java:113)
at org.apache.maven.surefire.booter.ForkedBooter.runSuitesInProcess(ForkedBooter.java:385)
at org.apache.maven.surefire.booter.ForkedBooter.execute(ForkedBooter.java:162)
at org.apache.maven.surefire.booter.ForkedBooter.run(ForkedBooter.java:507)
at org.apache.maven.surefire.booter.ForkedBooter.main(ForkedBooter.java:495)
]]>
            </full-stacktrace>
          </exception> <!-- java.lang.AssertionError -->
          <reporter-output>
          </reporter-output>
        </test-method> <!-- verifyDoubleClick -->
        <test-method is-config="true" signature="tearDown()[pri:0, instance:com.demoqa.tests.ControlTest@383dc82c]" started-at="2026-08-25T15:57:54 IST" name="tearDown" finished-at="2026-08-25T15:57:54 IST" duration-ms="333" status="PASS">
          <reporter-output>
          </reporter-output>
        </test-method> <!-- tearDown -->
        <test-method is-config="true" signature="setUp()[pri:0, instance:com.demoqa.tests.ControlTest@383dc82c]" started-at="2026-08-25T15:57:54 IST" name="setUp" finished-at="2026-08-25T15:58:01 IST" duration-ms="6807" status="PASS">
          <reporter-output>
          </reporter-output>
        </test-method> <!-- setUp -->
        <test-method signature="verifyRightClick()[pri:2, instance:com.demoqa.tests.ControlTest@383dc82c]" started-at="2026-08-25T15:58:01 IST" name="verifyRightClick" finished-at="2026-08-25T15:58:03 IST" duration-ms="1422" status="PASS">
          <reporter-output>
          </reporter-output>
        </test-method> <!-- verifyRightClick -->
        <test-method is-config="true" signature="tearDown()[pri:0, instance:com.demoqa.tests.ControlTest@383dc82c]" started-at="2026-08-25T15:58:03 IST" name="tearDown" finished-at="2026-08-25T15:58:03 IST" duration-ms="404" status="PASS">
          <reporter-output>
          </reporter-output>
        </test-method> <!-- tearDown -->
        <test-method is-config="true" signature="setUp()[pri:0, instance:com.demoqa.tests.ControlTest@383dc82c]" started-at="2026-08-25T15:58:03 IST" name="setUp" finished-at="2026-08-25T15:58:11 IST" duration-ms="7428" status="PASS">
          <reporter-output>
          </reporter-output>
        </test-method> <!-- setUp -->
        <test-method signature="verifyDynamicClick()[pri:3, instance:com.demoqa.tests.ControlTest@383dc82c]" started-at="2026-08-25T15:58:11 IST" name="verifyDynamicClick" finished-at="2026-08-25T15:58:12 IST" duration-ms="1362" status="PASS">
          <reporter-output>
          </reporter-output>
        </test-method> <!-- verifyDynamicClick -->
        <test-method is-config="true" signature="tearDown()[pri:0, instance:com.demoqa.tests.ControlTest@383dc82c]" started-at="2026-08-25T15:58:12 IST" name="tearDown" finished-at="2026-08-25T15:58:12 IST" duration-ms="414" status="PASS">
          <reporter-output>
          </reporter-output>
        </test-method> <!-- tearDown -->
        <test-method is-config="true" signature="setUp()[pri:0, instance:com.demoqa.tests.ControlTest@383dc82c]" started-at="2026-08-25T15:58:12 IST" name="setUp" finished-at="2026-08-25T15:58:19 IST" duration-ms="7127" status="PASS">
          <reporter-output>
          </reporter-output>
        </test-method> <!-- setUp -->
        <test-method signature="verifyCheckboxSelection()[pri:4, instance:com.demoqa.tests.ControlTest@383dc82c]" started-at="2026-08-25T15:58:19 IST" name="verifyCheckboxSelection" finished-at="2026-08-25T15:58:21 IST" duration-ms="1097" status="PASS">
          <reporter-output>
          </reporter-output>
        </test-method> <!-- verifyCheckboxSelection -->
        <test-method is-config="true" signature="tearDown()[pri:0, instance:com.demoqa.tests.ControlTest@383dc82c]" started-at="2026-08-25T15:58:21 IST" name="tearDown" finished-at="2026-08-25T15:58:21 IST" duration-ms="281" status="PASS">
          <reporter-output>
          </reporter-output>
        </test-method> <!-- tearDown -->
      </class> <!-- com.demoqa.tests.ControlTest -->
    </test> <!-- Test -->
  </suite> <!-- Automation Suite -->
</testng-results>
