<?xml version="1.0" encoding="UTF-8"?>
<testsuite xmlns:xsi="http://www.w3.org/2001/XMLSchema-instance" xsi:noNamespaceSchemaLocation="https://maven.apache.org/surefire/maven-surefire-plugin/xsd/surefire-test-report-3.0.xsd" version="3.0" name="TestSuite" time="152.414" tests="15" errors="0" skipped="0" failures="1">
  <properties>
[...]
</properties>
  <testcase name="fillPracticeForm" classname="com.demoqa.tests.PracticeFormTest" time="2.273">
    <system-out><![CDATA[Execution Started
Browser from config = edge
URL from config = https://demoqa.com
=================================
Browser : edge
URL     : https://demoqa.com
=================================
]]></system-out>
    <system-err><![CDATA[SLF4J: Failed to load class "org.slf4j.impl.StaticLoggerBinder".
SLF4J: Defaulting to no-operation (NOP) logger implementation
SLF4J: See http://www.slf4j.org/codes.html#StaticLoggerBinder for further details.
Aug 25, 2026 3:57:12 PM org.openqa.selenium.manager.SeleniumManager lambda$runCommand$1
WARNING: There was an error managing msedgedriver (error sending request for url (https://msedgedriver.azureedge.net/LATEST_RELEASE_151_WINDOWS)); using driver found in the cache
Aug 25, 2026 3:57:15 PM org.openqa.selenium.devtools.CdpVersionFinder findNearestMatch
WARNING: Unable to find CDP implementation matching 151
Aug 25, 2026 3:57:15 PM org.openqa.selenium.chromium.ChromiumDriver lambda$new$5
WARNING: Unable to find version of CDP to use for 151.0.4129.101. You may need to include a dependency on a specific version of the CDP using something similar to `org.seleniumhq.selenium:selenium-devtools-v86:4.22.0` where the version ("v86") matches the version of the chromium-based browser you're using and the version number of the artifact is the same as Selenium's.
]]></system-err>
  </testcase>
  <testcase name="verifyFileDownload" classname="com.demoqa.tests.UploadDownloadTest" time="6.647">
    <system-out><![CDATA[Browser from config = edge
URL from config = https://demoqa.com
=================================
Browser : edge
URL     : https://demoqa.com
=================================
]]></system-out>
    <system-err><![CDATA[Aug 25, 2026 3:57:23 PM org.openqa.selenium.manager.SeleniumManager lambda$runCommand$1
WARNING: There was an error managing msedgedriver (error sending request for url (https://msedgedriver.azureedge.net/LATEST_RELEASE_151_WINDOWS)); using driver found in the cache
Aug 25, 2026 3:57:25 PM org.openqa.selenium.devtools.CdpVersionFinder findNearestMatch
WARNING: Unable to find CDP implementation matching 151
Aug 25, 2026 3:57:25 PM org.openqa.selenium.chromium.ChromiumDriver lambda$new$5
WARNING: Unable to find version of CDP to use for 151.0.4129.101. You may need to include a dependency on a specific version of the CDP using something similar to `org.seleniumhq.selenium:selenium-devtools-v86:4.22.0` where the version ("v86") matches the version of the chromium-based browser you're using and the version number of the artifact is the same as Selenium's.
]]></system-err>
  </testcase>
  <testcase name="verifyFileUpload" classname="com.demoqa.tests.UploadDownloadTest" time="2.01">
    <system-out><![CDATA[Browser from config = edge
URL from config = https://demoqa.com
=================================
Browser : edge
URL     : https://demoqa.com
=================================
]]></system-out>
    <system-err><![CDATA[Aug 25, 2026 3:57:37 PM org.openqa.selenium.manager.SeleniumManager lambda$runCommand$1
WARNING: There was an error managing msedgedriver (error sending request for url (https://msedgedriver.azureedge.net/LATEST_RELEASE_151_WINDOWS)); using driver found in the cache
Aug 25, 2026 3:57:39 PM org.openqa.selenium.devtools.CdpVersionFinder findNearestMatch
WARNING: Unable to find CDP implementation matching 151
Aug 25, 2026 3:57:39 PM org.openqa.selenium.chromium.ChromiumDriver lambda$new$5
WARNING: Unable to find version of CDP to use for 151.0.4129.101. You may need to include a dependency on a specific version of the CDP using something similar to `org.seleniumhq.selenium:selenium-devtools-v86:4.22.0` where the version ("v86") matches the version of the chromium-based browser you're using and the version number of the artifact is the same as Selenium's.
]]></system-err>
  </testcase>
  <testcase name="verifyDoubleClick" classname="com.demoqa.tests.ControlTest" time="1.872">
    <failure message="expected [You have done a double click check fail] but found [You have done a double click]" type="java.lang.AssertionError"><![CDATA[java.lang.AssertionError: expected [You have done a double click check fail] but found [You have done a double click]
	at org.testng.Assert.fail(Assert.java:111)
	at org.testng.Assert.failNotEquals(Assert.java:1578)
	at org.testng.Assert.assertEqualsImpl(Assert.java:150)
	at org.testng.Assert.assertEquals(Assert.java:132)
	at org.testng.Assert.assertEquals(Assert.java:656)
	at org.testng.Assert.assertEquals(Assert.java:666)
	at com.demoqa.tests.ControlTest.verifyDoubleClick(ControlTest.java:21)
	at java.base/jdk.internal.reflect.NativeMethodAccessorImpl.invoke0(Native Method)
	at java.base/jdk.internal.reflect.NativeMethodAccessorImpl.invoke(NativeMethodAccessorImpl.java:62)
	at java.base/jdk.internal.reflect.DelegatingMethodAccessorImpl.invoke(DelegatingMethodAccessorImpl.java:43)
	at java.base/java.lang.reflect.Method.invoke(Method.java:566)
	at org.testng.internal.invokers.MethodInvocationHelper.invokeMethod(MethodInvocationHelper.java:141)
	at org.testng.internal.invokers.TestInvoker.invokeMethod(TestInvoker.java:686)
	at org.testng.internal.invokers.TestInvoker.invokeTestMethod(TestInvoker.java:230)
	at org.testng.internal.invokers.MethodRunner.runInSequence(MethodRunner.java:63)
	at org.testng.internal.invokers.TestInvoker$MethodInvocationAgent.invoke(TestInvoker.java:992)
	at org.testng.internal.invokers.TestInvoker.invokeTestMethods(TestInvoker.java:203)
	at org.testng.internal.invokers.TestMethodWorker.invokeTestMethods(TestMethodWorker.java:154)
	at org.testng.internal.invokers.TestMethodWorker.run(TestMethodWorker.java:134)
	at java.base/java.util.ArrayList.forEach(ArrayList.java:1541)
	at org.testng.TestRunner.privateRun(TestRunner.java:739)
	at org.testng.TestRunner.run(TestRunner.java:614)
	at org.testng.SuiteRunner.runTest(SuiteRunner.java:421)
	at org.testng.SuiteRunner.runSequentially(SuiteRunner.java:413)
	at org.testng.SuiteRunner.privateRun(SuiteRunner.java:373)
	at org.testng.SuiteRunner.run(SuiteRunner.java:312)
	at org.testng.SuiteRunnerWorker.runSuite(SuiteRunnerWorker.java:52)
	at org.testng.SuiteRunnerWorker.run(SuiteRunnerWorker.java:95)
	at org.testng.TestNG.runSuitesSequentially(TestNG.java:1274)
	at org.testng.TestNG.runSuitesLocally(TestNG.java:1208)
	at org.testng.TestNG.runSuites(TestNG.java:1112)
	at org.testng.TestNG.run(TestNG.java:1079)
	at org.apache.maven.surefire.testng.TestNGExecutor.run(TestNGExecutor.java:308)
	at org.apache.maven.surefire.testng.TestNGXmlTestSuite.execute(TestNGXmlTestSuite.java:71)
	at org.apache.maven.surefire.testng.TestNGProvider.invoke(TestNGProvider.java:113)
	at org.apache.maven.surefire.booter.ForkedBooter.runSuitesInProcess(ForkedBooter.java:385)
	at org.apache.maven.surefire.booter.ForkedBooter.execute(ForkedBooter.java:162)
	at org.apache.maven.surefire.booter.ForkedBooter.run(ForkedBooter.java:507)
	at org.apache.maven.surefire.booter.ForkedBooter.main(ForkedBooter.java:495)
]]></failure>
    <system-out><![CDATA[Browser from config = edge
URL from config = https://demoqa.com
=================================
Browser : edge
URL     : https://demoqa.com
=================================
]]></system-out>
    <system-err><![CDATA[Aug 25, 2026 3:57:46 PM org.openqa.selenium.manager.SeleniumManager lambda$runCommand$1
WARNING: There was an error managing msedgedriver (error sending request for url (https://msedgedriver.azureedge.net/LATEST_RELEASE_151_WINDOWS)); using driver found in the cache
Aug 25, 2026 3:57:49 PM org.openqa.selenium.devtools.CdpVersionFinder findNearestMatch
WARNING: Unable to find CDP implementation matching 151
Aug 25, 2026 3:57:49 PM org.openqa.selenium.chromium.ChromiumDriver lambda$new$5
WARNING: Unable to find version of CDP to use for 151.0.4129.101. You may need to include a dependency on a specific version of the CDP using something similar to `org.seleniumhq.selenium:selenium-devtools-v86:4.22.0` where the version ("v86") matches the version of the chromium-based browser you're using and the version number of the artifact is the same as Selenium's.
]]></system-err>
  </testcase>
  <testcase name="verifyRightClick" classname="com.demoqa.tests.ControlTest" time="1.422">
    <system-out><![CDATA[Browser from config = edge
URL from config = https://demoqa.com
=================================
Browser : edge
URL     : https://demoqa.com
=================================
]]></system-out>
    <system-err><![CDATA[Aug 25, 2026 3:57:56 PM org.openqa.selenium.manager.SeleniumManager lambda$runCommand$1
WARNING: There was an error managing msedgedriver (error sending request for url (https://msedgedriver.azureedge.net/LATEST_RELEASE_151_WINDOWS)); using driver found in the cache
Aug 25, 2026 3:57:58 PM org.openqa.selenium.devtools.CdpVersionFinder findNearestMatch
WARNING: Unable to find CDP implementation matching 151
Aug 25, 2026 3:57:58 PM org.openqa.selenium.chromium.ChromiumDriver lambda$new$5
WARNING: Unable to find version of CDP to use for 151.0.4129.101. You may need to include a dependency on a specific version of the CDP using something similar to `org.seleniumhq.selenium:selenium-devtools-v86:4.22.0` where the version ("v86") matches the version of the chromium-based browser you're using and the version number of the artifact is the same as Selenium's.
]]></system-err>
  </testcase>
  <testcase name="verifyDynamicClick" classname="com.demoqa.tests.ControlTest" time="1.361">
    <system-out><![CDATA[Browser from config = edge
URL from config = https://demoqa.com
=================================
Browser : edge
URL     : https://demoqa.com
=================================
]]></system-out>
    <system-err><![CDATA[Aug 25, 2026 3:58:04 PM org.openqa.selenium.manager.SeleniumManager lambda$runCommand$1
WARNING: There was an error managing msedgedriver (error sending request for url (https://msedgedriver.azureedge.net/LATEST_RELEASE_151_WINDOWS)); using driver found in the cache
Aug 25, 2026 3:58:06 PM org.openqa.selenium.devtools.CdpVersionFinder findNearestMatch
WARNING: Unable to find CDP implementation matching 151
Aug 25, 2026 3:58:06 PM org.openqa.selenium.chromium.ChromiumDriver lambda$new$5
WARNING: Unable to find version of CDP to use for 151.0.4129.101. You may need to include a dependency on a specific version of the CDP using something similar to `org.seleniumhq.selenium:selenium-devtools-v86:4.22.0` where the version ("v86") matches the version of the chromium-based browser you're using and the version number of the artifact is the same as Selenium's.
]]></system-err>
  </testcase>
  <testcase name="verifyCheckboxSelection" classname="com.demoqa.tests.ControlTest" time="1.097">
    <system-out><![CDATA[Browser from config = edge
URL from config = https://demoqa.com
=================================
Browser : edge
URL     : https://demoqa.com
=================================
]]></system-out>
    <system-err><![CDATA[Aug 25, 2026 3:58:13 PM org.openqa.selenium.manager.SeleniumManager lambda$runCommand$1
WARNING: There was an error managing msedgedriver (error sending request for url (https://msedgedriver.azureedge.net/LATEST_RELEASE_151_WINDOWS)); using driver found in the cache
Aug 25, 2026 3:58:16 PM org.openqa.selenium.devtools.CdpVersionFinder findNearestMatch
WARNING: Unable to find CDP implementation matching 151
Aug 25, 2026 3:58:16 PM org.openqa.selenium.chromium.ChromiumDriver lambda$new$5
WARNING: Unable to find version of CDP to use for 151.0.4129.101. You may need to include a dependency on a specific version of the CDP using something similar to `org.seleniumhq.selenium:selenium-devtools-v86:4.22.0` where the version ("v86") matches the version of the chromium-based browser you're using and the version number of the artifact is the same as Selenium's.
]]></system-err>
  </testcase>
  <testcase name="submitPracticeForm[TC001, Sourya, Verma, sourya.verma@example.com, 9876543210, C:\TestData\Documents\resume_sourya.pdf](1)" classname="com.demoqa.tests.FormTest" time="1.952">
    <system-out><![CDATA[Browser from config = edge
URL from config = https://demoqa.com
=================================
Browser : edge
URL     : https://demoqa.com
=================================
]]></system-out>
    <system-err><![CDATA[ERROR StatusLogger Log4j2 could not find a logging implementation. Please add log4j-core to the classpath. Using SimpleLogger to log to the console...
Aug 25, 2026 3:58:23 PM org.openqa.selenium.manager.SeleniumManager lambda$runCommand$1
WARNING: There was an error managing msedgedriver (error sending request for url (https://msedgedriver.azureedge.net/LATEST_RELEASE_151_WINDOWS)); using driver found in the cache
Aug 25, 2026 3:58:25 PM org.openqa.selenium.devtools.CdpVersionFinder findNearestMatch
WARNING: Unable to find CDP implementation matching 151
Aug 25, 2026 3:58:25 PM org.openqa.selenium.chromium.ChromiumDriver lambda$new$5
WARNING: Unable to find version of CDP to use for 151.0.4129.101. You may need to include a dependency on a specific version of the CDP using something similar to `org.seleniumhq.selenium:selenium-devtools-v86:4.22.0` where the version ("v86") matches the version of the chromium-based browser you're using and the version number of the artifact is the same as Selenium's.
]]></system-err>
  </testcase>
  <testcase name="submitPracticeForm[TC002, Priya, Sharma, priya.sharma@example.com, 9812345678, C:\TestData\Documents\priya_profile.pdf](2)" classname="com.demoqa.tests.FormTest" time="2.516">
    <system-out><![CDATA[Browser from config = edge
URL from config = https://demoqa.com
=================================
Browser : edge
URL     : https://demoqa.com
=================================
]]></system-out>
    <system-err><![CDATA[Aug 25, 2026 3:58:34 PM org.openqa.selenium.manager.SeleniumManager lambda$runCommand$1
WARNING: There was an error managing msedgedriver (error sending request for url (https://msedgedriver.azureedge.net/LATEST_RELEASE_151_WINDOWS)); using driver found in the cache
Aug 25, 2026 3:58:37 PM org.openqa.selenium.devtools.CdpVersionFinder findNearestMatch
WARNING: Unable to find CDP implementation matching 151
Aug 25, 2026 3:58:37 PM org.openqa.selenium.chromium.ChromiumDriver lambda$new$5
WARNING: Unable to find version of CDP to use for 151.0.4129.101. You may need to include a dependency on a specific version of the CDP using something similar to `org.seleniumhq.selenium:selenium-devtools-v86:4.22.0` where the version ("v86") matches the version of the chromium-based browser you're using and the version number of the artifact is the same as Selenium's.
]]></system-err>
  </testcase>
  <testcase name="submitPracticeForm[TC003, Rahul, Verma, rahul.verma@example.com, 9923456781, C:\TestData\Documents\rahul_cv.pdf](3)" classname="com.demoqa.tests.FormTest" time="2.063">
    <system-out><![CDATA[Browser from config = edge
URL from config = https://demoqa.com
=================================
Browser : edge
URL     : https://demoqa.com
=================================
]]></system-out>
    <system-err><![CDATA[Aug 25, 2026 3:58:45 PM org.openqa.selenium.manager.SeleniumManager lambda$runCommand$1
WARNING: There was an error managing msedgedriver (error sending request for url (https://msedgedriver.azureedge.net/LATEST_RELEASE_151_WINDOWS)); using driver found in the cache
Aug 25, 2026 3:58:47 PM org.openqa.selenium.devtools.CdpVersionFinder findNearestMatch
WARNING: Unable to find CDP implementation matching 151
Aug 25, 2026 3:58:47 PM org.openqa.selenium.chromium.ChromiumDriver lambda$new$5
WARNING: Unable to find version of CDP to use for 151.0.4129.101. You may need to include a dependency on a specific version of the CDP using something similar to `org.seleniumhq.selenium:selenium-devtools-v86:4.22.0` where the version ("v86") matches the version of the chromium-based browser you're using and the version number of the artifact is the same as Selenium's.
]]></system-err>
  </testcase>
  <testcase name="submitPracticeForm[TC004, Anjali, Patel, anjali.patel@example.com, 9765432109, C:\TestData\Documents\anjali_resume.docx](4)" classname="com.demoqa.tests.FormTest" time="2.573">
    <system-out><![CDATA[Browser from config = edge
URL from config = https://demoqa.com
=================================
Browser : edge
URL     : https://demoqa.com
=================================
]]></system-out>
    <system-err><![CDATA[Aug 25, 2026 3:58:54 PM org.openqa.selenium.manager.SeleniumManager lambda$runCommand$1
WARNING: There was an error managing msedgedriver (error sending request for url (https://msedgedriver.azureedge.net/LATEST_RELEASE_151_WINDOWS)); using driver found in the cache
Aug 25, 2026 3:58:57 PM org.openqa.selenium.devtools.CdpVersionFinder findNearestMatch
WARNING: Unable to find CDP implementation matching 151
Aug 25, 2026 3:58:57 PM org.openqa.selenium.chromium.ChromiumDriver lambda$new$5
WARNING: Unable to find version of CDP to use for 151.0.4129.101. You may need to include a dependency on a specific version of the CDP using something similar to `org.seleniumhq.selenium:selenium-devtools-v86:4.22.0` where the version ("v86") matches the version of the chromium-based browser you're using and the version number of the artifact is the same as Selenium's.
]]></system-err>
  </testcase>
  <testcase name="submitPracticeForm[TC005, Amit, Kumar, amit.kumar@example.com, 9898765432, C:\TestData\Documents\amit_details.pdf](5)" classname="com.demoqa.tests.FormTest" time="2.487">
    <system-out><![CDATA[Browser from config = edge
URL from config = https://demoqa.com
=================================
Browser : edge
URL     : https://demoqa.com
=================================
]]></system-out>
    <system-err><![CDATA[Aug 25, 2026 3:59:04 PM org.openqa.selenium.manager.SeleniumManager lambda$runCommand$1
WARNING: There was an error managing msedgedriver (error sending request for url (https://msedgedriver.azureedge.net/LATEST_RELEASE_151_WINDOWS)); using driver found in the cache
Aug 25, 2026 3:59:07 PM org.openqa.selenium.devtools.CdpVersionFinder findNearestMatch
WARNING: Unable to find CDP implementation matching 151
Aug 25, 2026 3:59:07 PM org.openqa.selenium.chromium.ChromiumDriver lambda$new$5
WARNING: Unable to find version of CDP to use for 151.0.4129.101. You may need to include a dependency on a specific version of the CDP using something similar to `org.seleniumhq.selenium:selenium-devtools-v86:4.22.0` where the version ("v86") matches the version of the chromium-based browser you're using and the version number of the artifact is the same as Selenium's.
]]></system-err>
  </testcase>
  <testcase name="verifyOldStyleDropdown" classname="com.demoqa.tests.SelectMenuTest" time="1.684">
    <system-out><![CDATA[Browser from config = edge
URL from config = https://demoqa.com
=================================
Browser : edge
URL     : https://demoqa.com
=================================
]]></system-out>
    <system-err><![CDATA[Aug 25, 2026 3:59:15 PM org.openqa.selenium.manager.SeleniumManager lambda$runCommand$1
WARNING: There was an error managing msedgedriver (error sending request for url (https://msedgedriver.azureedge.net/LATEST_RELEASE_151_WINDOWS)); using driver found in the cache
Aug 25, 2026 3:59:17 PM org.openqa.selenium.devtools.CdpVersionFinder findNearestMatch
WARNING: Unable to find CDP implementation matching 151
Aug 25, 2026 3:59:17 PM org.openqa.selenium.chromium.ChromiumDriver lambda$new$5
WARNING: Unable to find version of CDP to use for 151.0.4129.101. You may need to include a dependency on a specific version of the CDP using something similar to `org.seleniumhq.selenium:selenium-devtools-v86:4.22.0` where the version ("v86") matches the version of the chromium-based browser you're using and the version number of the artifact is the same as Selenium's.
]]></system-err>
  </testcase>
  <testcase name="verifyAutoSuggestiveDropdown" classname="com.demoqa.tests.SelectMenuTest" time="1.637">
    <system-out><![CDATA[Browser from config = edge
URL from config = https://demoqa.com
=================================
Browser : edge
URL     : https://demoqa.com
=================================
]]></system-out>
    <system-err><![CDATA[Aug 25, 2026 3:59:23 PM org.openqa.selenium.manager.SeleniumManager lambda$runCommand$1
WARNING: There was an error managing msedgedriver (error sending request for url (https://msedgedriver.azureedge.net/LATEST_RELEASE_151_WINDOWS)); using driver found in the cache
Aug 25, 2026 3:59:26 PM org.openqa.selenium.devtools.CdpVersionFinder findNearestMatch
WARNING: Unable to find CDP implementation matching 151
Aug 25, 2026 3:59:26 PM org.openqa.selenium.chromium.ChromiumDriver lambda$new$5
WARNING: Unable to find version of CDP to use for 151.0.4129.101. You may need to include a dependency on a specific version of the CDP using something similar to `org.seleniumhq.selenium:selenium-devtools-v86:4.22.0` where the version ("v86") matches the version of the chromium-based browser you're using and the version number of the artifact is the same as Selenium's.
]]></system-err>
  </testcase>
  <testcase name="verifyMultiSelectDropdown" classname="com.demoqa.tests.SelectMenuTest" time="4.514">
    <system-out><![CDATA[Browser from config = edge
URL from config = https://demoqa.com
=================================
Browser : edge
URL     : https://demoqa.com
=================================
]]></system-out>
    <system-err><![CDATA[Aug 25, 2026 3:59:32 PM org.openqa.selenium.manager.SeleniumManager lambda$runCommand$1
WARNING: There was an error managing msedgedriver (error sending request for url (https://msedgedriver.azureedge.net/LATEST_RELEASE_151_WINDOWS)); using driver found in the cache
Aug 25, 2026 3:59:35 PM org.openqa.selenium.devtools.CdpVersionFinder findNearestMatch
WARNING: Unable to find CDP implementation matching 151
Aug 25, 2026 3:59:35 PM org.openqa.selenium.chromium.ChromiumDriver lambda$new$5
WARNING: Unable to find version of CDP to use for 151.0.4129.101. You may need to include a dependency on a specific version of the CDP using something similar to `org.seleniumhq.selenium:selenium-devtools-v86:4.22.0` where the version ("v86") matches the version of the chromium-based browser you're using and the version number of the artifact is the same as Selenium's.
]]></system-err>
  </testcase>
</testsuite>