<?xml version="1.0" encoding="UTF-8"?>
<!-- Generated by org.testng.reporters.JUnitXMLReporter -->
<testsuite ignored="0" hostname="LTPBAN222494485" failures="1" tests="15" name="Test" time="128.915" errors="0" timestamp="2026-08-25T16:19:23 IST">
  <testcase classname="com.demoqa.tests.PracticeFormTest" name="fillPracticeForm" time="2.243"/>
  <testcase classname="com.demoqa.tests.UploadDownloadTest" name="verifyFileDownload" time="6.274"/>
  <testcase classname="com.demoqa.tests.UploadDownloadTest" name="verifyFileUpload" time="1.433"/>
  <testcase classname="com.demoqa.tests.ControlTest" name="verifyDoubleClick" time="1.708">
    <failure type="java.lang.AssertionError" message="expected [You have done a double click check fail] but found [You have done a double click]">
      <![CDATA[java.lang.AssertionError: expected [You have done a double click check fail] but found [You have done a double click]
at com.demoqa.tests.ControlTest.verifyDoubleClick(ControlTest.java:21)
at java.base/java.util.ArrayList.forEach(ArrayList.java:1541)
... Removed 33 stack frames]]>
    </failure>
  </testcase> <!-- verifyDoubleClick -->
  <testcase classname="com.demoqa.tests.ControlTest" name="verifyRightClick" time="1.666"/>
  <testcase classname="com.demoqa.tests.ControlTest" name="verifyDynamicClick" time="1.23"/>
  <testcase classname="com.demoqa.tests.ControlTest" name="verifyCheckboxSelection" time="1.564"/>
  <testcase classname="com.demoqa.tests.FormTest" name="submitPracticeForm" time="2.369"/>
  <testcase classname="com.demoqa.tests.FormTest" name="submitPracticeForm" time="1.998"/>
  <testcase classname="com.demoqa.tests.FormTest" name="submitPracticeForm" time="2.219"/>
  <testcase classname="com.demoqa.tests.FormTest" name="submitPracticeForm" time="2.673"/>
  <testcase classname="com.demoqa.tests.FormTest" name="submitPracticeForm" time="1.849"/>
  <testcase classname="com.demoqa.tests.SelectMenuTest" name="verifyOldStyleDropdown" time="1.253"/>
  <testcase classname="com.demoqa.tests.SelectMenuTest" name="verifyAutoSuggestiveDropdown" time="1.265"/>
  <testcase classname="com.demoqa.tests.SelectMenuTest" name="verifyMultiSelectDropdown" time="1.811"/>
</testsuite> <!-- Test -->
