<?xml version="1.0" encoding="UTF-8"?>
<testng-results ignored="0" total="15" passed="14" failed="1" skipped="0">
  <reporter-output>
  </reporter-output>
  <suite started-at="2026-08-25T16:17:14 IST" name="Automation Suite" finished-at="2026-08-25T16:19:23 IST" duration-ms="128915">
    <groups>
    </groups>
    <test started-at="2026-08-25T16:17:14 IST" name="Test" finished-at="2026-08-25T16:19:23 IST" duration-ms="128915">
      <class name="com.demoqa.tests.PracticeFormTest">
        <test-method is-config="true" signature="setUp()[pri:0, instance:com.demoqa.tests.PracticeFormTest@52815fa3]" started-at="2026-08-25T16:17:14 IST" name="setUp" finished-at="2026-08-25T16:17:21 IST" duration-ms="6357" status="PASS">
          <reporter-output>
          </reporter-output>
        </test-method> <!-- setUp -->
        <test-method signature="fillPracticeForm()[pri:0, instance:com.demoqa.tests.PracticeFormTest@52815fa3]" started-at="2026-08-25T16:17:21 IST" name="fillPracticeForm" finished-at="2026-08-25T16:17:23 IST" duration-ms="2243" status="PASS">
          <reporter-output>
          </reporter-output>
        </test-method> <!-- fillPracticeForm -->
        <test-method is-config="true" signature="tearDown()[pri:0, instance:com.demoqa.tests.PracticeFormTest@52815fa3]" started-at="2026-08-25T16:17:23 IST" name="tearDown" finished-at="2026-08-25T16:17:23 IST" duration-ms="544" status="PASS">
          <reporter-output>
          </reporter-output>
        </test-method> <!-- tearDown -->
      </class> <!-- com.demoqa.tests.PracticeFormTest -->
      <class name="com.demoqa.tests.SelectMenuTest">
        <test-method is-config="true" signature="setUp()[pri:0, instance:com.demoqa.tests.SelectMenuTest@44a59da3]" started-at="2026-08-25T16:18:59 IST" name="setUp" finished-at="2026-08-25T16:19:06 IST" duration-ms="6168" status="PASS">
          <reporter-output>
          </reporter-output>
        </test-method> <!-- setUp -->
        <test-method signature="verifyOldStyleDropdown()[pri:1, instance:com.demoqa.tests.SelectMenuTest@44a59da3]" started-at="2026-08-25T16:19:06 IST" name="verifyOldStyleDropdown" finished-at="2026-08-25T16:19:07 IST" duration-ms="1253" status="PASS">
          <reporter-output>
          </reporter-output>
        </test-method> <!-- verifyOldStyleDropdown -->
        <test-method is-config="true" signature="tearDown()[pri:0, instance:com.demoqa.tests.SelectMenuTest@44a59da3]" started-at="2026-08-25T16:19:07 IST" name="tearDown" finished-at="2026-08-25T16:19:07 IST" duration-ms="287" status="PASS">
          <reporter-output>
          </reporter-output>
        </test-method> <!-- tearDown -->
        <test-method is-config="true" signature="setUp()[pri:0, instance:com.demoqa.tests.SelectMenuTest@44a59da3]" started-at="2026-08-25T16:19:07 IST" name="setUp" finished-at="2026-08-25T16:19:13 IST" duration-ms="6184" status="PASS">
          <reporter-output>
          </reporter-output>
        </test-method> <!-- setUp -->
        <test-method signature="verifyAutoSuggestiveDropdown()[pri:2, instance:com.demoqa.tests.SelectMenuTest@44a59da3]" started-at="2026-08-25T16:19:13 IST" name="verifyAutoSuggestiveDropdown" finished-at="2026-08-25T16:19:15 IST" duration-ms="1265" status="PASS">
          <reporter-output>
          </reporter-output>
        </test-method> <!-- verifyAutoSuggestiveDropdown -->
        <test-method is-config="true" signature="tearDown()[pri:0, instance:com.demoqa.tests.SelectMenuTest@44a59da3]" started-at="2026-08-25T16:19:15 IST" name="tearDown" finished-at="2026-08-25T16:19:15 IST" duration-ms="297" status="PASS">
          <reporter-output>
          </reporter-output>
        </test-method> <!-- tearDown -->
        <test-method is-config="true" signature="setUp()[pri:0, instance:com.demoqa.tests.SelectMenuTest@44a59da3]" started-at="2026-08-25T16:19:15 IST" name="setUp" finished-at="2026-08-25T16:19:21 IST" duration-ms="6016" status="PASS">
          <reporter-output>
          </reporter-output>
        </test-method> <!-- setUp -->
        <test-method signature="verifyMultiSelectDropdown()[pri:3, instance:com.demoqa.tests.SelectMenuTest@44a59da3]" started-at="2026-08-25T16:19:21 IST" name="verifyMultiSelectDropdown" finished-at="2026-08-25T16:19:23 IST" duration-ms="1811" status="PASS">
          <reporter-output>
          </reporter-output>
        </test-method> <!-- verifyMultiSelectDropdown -->
        <test-method is-config="true" signature="tearDown()[pri:0, instance:com.demoqa.tests.SelectMenuTest@44a59da3]" started-at="2026-08-25T16:19:23 IST" name="tearDown" finished-at="2026-08-25T16:19:23 IST" duration-ms="280" status="PASS">
          <reporter-output>
          </reporter-output>
        </test-method> <!-- tearDown -->
      </class> <!-- com.demoqa.tests.SelectMenuTest -->
      <class name="com.demoqa.tests.UploadDownloadTest">
        <test-method is-config="true" signature="setUp()[pri:0, instance:com.demoqa.tests.UploadDownloadTest@79c97cb]" started-at="2026-08-25T16:17:23 IST" name="setUp" finished-at="2026-08-25T16:17:29 IST" duration-ms="5888" status="PASS">
          <reporter-output>
          </reporter-output>
        </test-method> <!-- setUp -->
        <test-method signature="verifyFileDownload()[pri:0, instance:com.demoqa.tests.UploadDownloadTest@79c97cb]" started-at="2026-08-25T16:17:29 IST" name="verifyFileDownload" finished-at="2026-08-25T16:17:36 IST" duration-ms="6274" status="PASS">
          <reporter-output>
          </reporter-output>
        </test-method> <!-- verifyFileDownload -->
        <test-method is-config="true" signature="tearDown()[pri:0, instance:com.demoqa.tests.UploadDownloadTest@79c97cb]" started-at="2026-08-25T16:17:36 IST" name="tearDown" finished-at="2026-08-25T16:17:36 IST" duration-ms="450" status="PASS">
          <reporter-output>
          </reporter-output>
        </test-method> <!-- tearDown -->
        <test-method is-config="true" signature="setUp()[pri:0, instance:com.demoqa.tests.UploadDownloadTest@79c97cb]" started-at="2026-08-25T16:17:36 IST" name="setUp" finished-at="2026-08-25T16:17:42 IST" duration-ms="5735" status="PASS">
          <reporter-output>
          </reporter-output>
        </test-method> <!-- setUp -->
        <test-method signature="verifyFileUpload()[pri:0, instance:com.demoqa.tests.UploadDownloadTest@79c97cb]" started-at="2026-08-25T16:17:42 IST" name="verifyFileUpload" finished-at="2026-08-25T16:17:43 IST" duration-ms="1433" status="PASS">
          <reporter-output>
          </reporter-output>
        </test-method> <!-- verifyFileUpload -->
        <test-method is-config="true" signature="tearDown()[pri:0, instance:com.demoqa.tests.UploadDownloadTest@79c97cb]" started-at="2026-08-25T16:17:43 IST" name="tearDown" finished-at="2026-08-25T16:17:43 IST" duration-ms="278" status="PASS">
          <reporter-output>
          </reporter-output>
        </test-method> <!-- tearDown -->
      </class> <!-- com.demoqa.tests.UploadDownloadTest -->
      <class name="com.demoqa.tests.FormTest">
        <test-method is-config="true" signature="setUp()[pri:0, instance:com.demoqa.tests.FormTest@42a15bdc]" started-at="2026-08-25T16:18:16 IST" name="setUp" finished-at="2026-08-25T16:18:22 IST" duration-ms="6491" status="PASS">
          <reporter-output>
          </reporter-output>
        </test-method> <!-- setUp -->
        <test-method signature="submitPracticeForm(java.lang.String,java.lang.String,java.lang.String,java.lang.String,java.lang.String,java.lang.String)[pri:0, instance:com.demoqa.tests.FormTest@42a15bdc]" started-at="2026-08-25T16:18:22 IST" name="submitPracticeForm" data-provider="formData" finished-at="2026-08-25T16:18:25 IST" duration-ms="2369" status="PASS">
          <params>
            <param index="0">
              <value>
                <![CDATA[TC001]]>
              </value>
            </param>
            <param index="1">
              <value>
                <![CDATA[Sourya]]>
              </value>
            </param>
            <param index="2">
              <value>
                <![CDATA[Verma]]>
              </value>
            </param>
            <param index="3">
              <value>
                <![CDATA[sourya.verma@example.com]]>
              </value>
            </param>
            <param index="4">
              <value>
                <![CDATA[9876543210]]>
              </value>
            </param>
            <param index="5">
              <value>
                <![CDATA[C:\TestData\Documents\resume_sourya.pdf]]>
              </value>
            </param>
          </params>
          <reporter-output>
          </reporter-output>
        </test-method> <!-- submitPracticeForm -->
        <test-method is-config="true" signature="tearDown()[pri:0, instance:com.demoqa.tests.FormTest@42a15bdc]" started-at="2026-08-25T16:18:25 IST" name="tearDown" finished-at="2026-08-25T16:18:25 IST" duration-ms="382" status="PASS">
          <reporter-output>
          </reporter-output>
        </test-method> <!-- tearDown -->
        <test-method is-config="true" signature="setUp()[pri:0, instance:com.demoqa.tests.FormTest@42a15bdc]" started-at="2026-08-25T16:18:25 IST" name="setUp" finished-at="2026-08-25T16:18:31 IST" duration-ms="6198" status="PASS">
          <reporter-output>
          </reporter-output>
        </test-method> <!-- setUp -->
        <test-method signature="submitPracticeForm(java.lang.String,java.lang.String,java.lang.String,java.lang.String,java.lang.String,java.lang.String)[pri:0, instance:com.demoqa.tests.FormTest@42a15bdc]" started-at="2026-08-25T16:18:31 IST" name="submitPracticeForm" data-provider="formData" finished-at="2026-08-25T16:18:33 IST" duration-ms="1998" status="PASS">
          <params>
            <param index="0">
              <value>
                <![CDATA[TC002]]>
              </value>
            </param>
            <param index="1">
              <value>
                <![CDATA[Priya]]>
              </value>
            </param>
            <param index="2">
              <value>
                <![CDATA[Sharma]]>
              </value>
            </param>
            <param index="3">
              <value>
                <![CDATA[priya.sharma@example.com]]>
              </value>
            </param>
            <param index="4">
              <value>
                <![CDATA[9812345678]]>
              </value>
            </param>
            <param index="5">
              <value>
                <![CDATA[C:\TestData\Documents\priya_profile.pdf]]>
              </value>
            </param>
          </params>
          <reporter-output>
          </reporter-output>
        </test-method> <!-- submitPracticeForm -->
        <test-method is-config="true" signature="tearDown()[pri:0, instance:com.demoqa.tests.FormTest@42a15bdc]" started-at="2026-08-25T16:18:33 IST" name="tearDown" finished-at="2026-08-25T16:18:33 IST" duration-ms="310" status="PASS">
          <reporter-output>
          </reporter-output>
        </test-method> <!-- tearDown -->
        <test-method is-config="true" signature="setUp()[pri:0, instance:com.demoqa.tests.FormTest@42a15bdc]" started-at="2026-08-25T16:18:33 IST" name="setUp" finished-at="2026-08-25T16:18:39 IST" duration-ms="6039" status="PASS">
          <reporter-output>
          </reporter-output>
        </test-method> <!-- setUp -->
        <test-method signature="submitPracticeForm(java.lang.String,java.lang.String,java.lang.String,java.lang.String,java.lang.String,java.lang.String)[pri:0, instance:com.demoqa.tests.FormTest@42a15bdc]" started-at="2026-08-25T16:18:39 IST" name="submitPracticeForm" data-provider="formData" finished-at="2026-08-25T16:18:42 IST" duration-ms="2219" status="PASS">
          <params>
            <param index="0">
              <value>
                <![CDATA[TC003]]>
              </value>
            </param>
            <param index="1">
              <value>
                <![CDATA[Rahul]]>
              </value>
            </param>
            <param index="2">
              <value>
                <![CDATA[Verma]]>
              </value>
            </param>
            <param index="3">
              <value>
                <![CDATA[rahul.verma@example.com]]>
              </value>
            </param>
            <param index="4">
              <value>
                <![CDATA[9923456781]]>
              </value>
            </param>
            <param index="5">
              <value>
                <![CDATA[C:\TestData\Documents\rahul_cv.pdf]]>
              </value>
            </param>
          </params>
          <reporter-output>
          </reporter-output>
        </test-method> <!-- submitPracticeForm -->
        <test-method is-config="true" signature="tearDown()[pri:0, instance:com.demoqa.tests.FormTest@42a15bdc]" started-at="2026-08-25T16:18:42 IST" name="tearDown" finished-at="2026-08-25T16:18:42 IST" duration-ms="308" status="PASS">
          <reporter-output>
          </reporter-output>
        </test-method> <!-- tearDown -->
        <test-method is-config="true" signature="setUp()[pri:0, instance:com.demoqa.tests.FormTest@42a15bdc]" started-at="2026-08-25T16:18:42 IST" name="setUp" finished-at="2026-08-25T16:18:48 IST" duration-ms="6007" status="PASS">
          <reporter-output>
          </reporter-output>
        </test-method> <!-- setUp -->
        <test-method signature="submitPracticeForm(java.lang.String,java.lang.String,java.lang.String,java.lang.String,java.lang.String,java.lang.String)[pri:0, instance:com.demoqa.tests.FormTest@42a15bdc]" started-at="2026-08-25T16:18:48 IST" name="submitPracticeForm" data-provider="formData" finished-at="2026-08-25T16:18:51 IST" duration-ms="2673" status="PASS">
          <params>
            <param index="0">
              <value>
                <![CDATA[TC004]]>
              </value>
            </param>
            <param index="1">
              <value>
                <![CDATA[Anjali]]>
              </value>
            </param>
            <param index="2">
              <value>
                <![CDATA[Patel]]>
              </value>
            </param>
            <param index="3">
              <value>
                <![CDATA[anjali.patel@example.com]]>
              </value>
            </param>
            <param index="4">
              <value>
                <![CDATA[9765432109]]>
              </value>
            </param>
            <param index="5">
              <value>
                <![CDATA[C:\TestData\Documents\anjali_resume.docx]]>
              </value>
            </param>
          </params>
          <reporter-output>
          </reporter-output>
        </test-method> <!-- submitPracticeForm -->
        <test-method is-config="true" signature="tearDown()[pri:0, instance:com.demoqa.tests.FormTest@42a15bdc]" started-at="2026-08-25T16:18:51 IST" name="tearDown" finished-at="2026-08-25T16:18:51 IST" duration-ms="309" status="PASS">
          <reporter-output>
          </reporter-output>
        </test-method> <!-- tearDown -->
        <test-method is-config="true" signature="setUp()[pri:0, instance:com.demoqa.tests.FormTest@42a15bdc]" started-at="2026-08-25T16:18:51 IST" name="setUp" finished-at="2026-08-25T16:18:57 IST" duration-ms="6382" status="PASS">
          <reporter-output>
          </reporter-output>
        </test-method> <!-- setUp -->
        <test-method signature="submitPracticeForm(java.lang.String,java.lang.String,java.lang.String,java.lang.String,java.lang.String,java.lang.String)[pri:0, instance:com.demoqa.tests.FormTest@42a15bdc]" started-at="2026-08-25T16:18:57 IST" name="submitPracticeForm" data-provider="formData" finished-at="2026-08-25T16:18:59 IST" duration-ms="1849" status="PASS">
          <params>
            <param index="0">
              <value>
                <![CDATA[TC005]]>
              </value>
            </param>
            <param index="1">
              <value>
                <![CDATA[Amit]]>
              </value>
            </param>
            <param index="2">
              <value>
                <![CDATA[Kumar]]>
              </value>
            </param>
            <param index="3">
              <value>
                <![CDATA[amit.kumar@example.com]]>
              </value>
            </param>
            <param index="4">
              <value>
                <![CDATA[9898765432]]>
              </value>
            </param>
            <param index="5">
              <value>
                <![CDATA[C:\TestData\Documents\amit_details.pdf]]>
              </value>
            </param>
          </params>
          <reporter-output>
          </reporter-output>
        </test-method> <!-- submitPracticeForm -->
        <test-method is-config="true" signature="tearDown()[pri:0, instance:com.demoqa.tests.FormTest@42a15bdc]" started-at="2026-08-25T16:18:59 IST" name="tearDown" finished-at="2026-08-25T16:18:59 IST" duration-ms="282" status="PASS">
          <reporter-output>
          </reporter-output>
        </test-method> <!-- tearDown -->
      </class> <!-- com.demoqa.tests.FormTest -->
      <class name="com.demoqa.tests.ControlTest">
        <test-method is-config="true" signature="setUp()[pri:0, instance:com.demoqa.tests.ControlTest@2d9caaeb]" started-at="2026-08-25T16:17:43 IST" name="setUp" finished-at="2026-08-25T16:17:49 IST" duration-ms="6028" status="PASS">
          <reporter-output>
          </reporter-output>
        </test-method> <!-- setUp -->
        <test-method signature="verifyDoubleClick()[pri:1, instance:com.demoqa.tests.ControlTest@2d9caaeb]" started-at="2026-08-25T16:17:49 IST" name="verifyDoubleClick" finished-at="2026-08-25T16:17:51 IST" duration-ms="1708" status="FAIL">
          <exception class="java.lang.AssertionError">
            <message>
              <![CDATA[expected [You have done a double click check fail] but found [You have done a double click]]]>
            </message>
            <full-stacktrace>
              <![CDATA[java.lang.AssertionError: expected [You have done a double click check fail] but found [You have done a double click]
at org.testng.Assert.fail(Assert.java:111)
at org.testng.Assert.failNotEquals(Assert.java:1590)
at org.testng.Assert.assertEqualsImpl(Assert.java:150)
at org.testng.Assert.assertEquals(Assert.java:132)
at org.testng.Assert.assertEquals(Assert.java:656)
at org.testng.Assert.assertEquals(Assert.java:666)
at com.demoqa.tests.ControlTest.verifyDoubleClick(ControlTest.java:21)
at java.base/jdk.internal.reflect.NativeMethodAccessorImpl.invoke0(Native Method)
at java.base/jdk.internal.reflect.NativeMethodAccessorImpl.invoke(NativeMethodAccessorImpl.java:62)
at java.base/jdk.internal.reflect.DelegatingMethodAccessorImpl.invoke(DelegatingMethodAccessorImpl.java:43)
at java.base/java.lang.reflect.Method.invoke(Method.java:566)
at org.testng.internal.invokers.MethodInvocationHelper.invokeMethod(MethodInvocationHelper.java:141)
at org.testng.internal.invokers.TestInvoker.invokeMethod(TestInvoker.java:687)
at org.testng.internal.invokers.TestInvoker.invokeTestMethod(TestInvoker.java:230)
at org.testng.internal.invokers.MethodRunner.runInSequence(MethodRunner.java:63)
at org.testng.internal.invokers.TestInvoker$MethodInvocationAgent.invoke(TestInvoker.java:995)
at org.testng.internal.invokers.TestInvoker.invokeTestMethods(TestInvoker.java:203)
at org.testng.internal.invokers.TestMethodWorker.invokeTestMethods(TestMethodWorker.java:154)
at org.testng.internal.invokers.TestMethodWorker.run(TestMethodWorker.java:134)
at java.base/java.util.ArrayList.forEach(ArrayList.java:1541)
at org.testng.TestRunner.privateRun(TestRunner.java:741)
at org.testng.TestRunner.run(TestRunner.java:616)
at org.testng.SuiteRunner.runTest(SuiteRunner.java:421)
at org.testng.SuiteRunner.runSequentially(SuiteRunner.java:413)
at org.testng.SuiteRunner.privateRun(SuiteRunner.java:373)
at org.testng.SuiteRunner.run(SuiteRunner.java:312)
at org.testng.SuiteRunnerWorker.runSuite(SuiteRunnerWorker.java:52)
at org.testng.SuiteRunnerWorker.run(SuiteRunnerWorker.java:95)
at org.testng.TestNG.runSuitesSequentially(TestNG.java:1274)
at org.testng.TestNG.runSuitesLocally(TestNG.java:1208)
at org.testng.TestNG.runSuites(TestNG.java:1112)
at org.testng.TestNG.run(TestNG.java:1079)
at org.testng.remote.AbstractRemoteTestNG.run(AbstractRemoteTestNG.java:115)
at org.testng.remote.RemoteTestNG.initAndRun(RemoteTestNG.java:293)
at org.testng.remote.RemoteTestNG.main(RemoteTestNG.java:91)
]]>
            </full-stacktrace>
          </exception> <!-- java.lang.AssertionError -->
          <reporter-output>
          </reporter-output>
        </test-method> <!-- verifyDoubleClick -->
        <test-method is-config="true" signature="tearDown()[pri:0, instance:com.demoqa.tests.ControlTest@2d9caaeb]" started-at="2026-08-25T16:17:51 IST" name="tearDown" finished-at="2026-08-25T16:17:52 IST" duration-ms="315" status="PASS">
          <reporter-output>
          </reporter-output>
        </test-method> <!-- tearDown -->
        <test-method is-config="true" signature="setUp()[pri:0, instance:com.demoqa.tests.ControlTest@2d9caaeb]" started-at="2026-08-25T16:17:52 IST" name="setUp" finished-at="2026-08-25T16:17:58 IST" duration-ms="5949" status="PASS">
          <reporter-output>
          </reporter-output>
        </test-method> <!-- setUp -->
        <test-method signature="verifyRightClick()[pri:2, instance:com.demoqa.tests.ControlTest@2d9caaeb]" started-at="2026-08-25T16:17:58 IST" name="verifyRightClick" finished-at="2026-08-25T16:17:59 IST" duration-ms="1666" status="PASS">
          <reporter-output>
          </reporter-output>
        </test-method> <!-- verifyRightClick -->
        <test-method is-config="true" signature="tearDown()[pri:0, instance:com.demoqa.tests.ControlTest@2d9caaeb]" started-at="2026-08-25T16:17:59 IST" name="tearDown" finished-at="2026-08-25T16:18:00 IST" duration-ms="289" status="PASS">
          <reporter-output>
          </reporter-output>
        </test-method> <!-- tearDown -->
        <test-method is-config="true" signature="setUp()[pri:0, instance:com.demoqa.tests.ControlTest@2d9caaeb]" started-at="2026-08-25T16:18:00 IST" name="setUp" finished-at="2026-08-25T16:18:06 IST" duration-ms="6104" status="PASS">
          <reporter-output>
          </reporter-output>
        </test-method> <!-- setUp -->
        <test-method signature="verifyDynamicClick()[pri:3, instance:com.demoqa.tests.ControlTest@2d9caaeb]" started-at="2026-08-25T16:18:06 IST" name="verifyDynamicClick" finished-at="2026-08-25T16:18:07 IST" duration-ms="1230" status="PASS">
          <reporter-output>
          </reporter-output>
        </test-method> <!-- verifyDynamicClick -->
        <test-method is-config="true" signature="tearDown()[pri:0, instance:com.demoqa.tests.ControlTest@2d9caaeb]" started-at="2026-08-25T16:18:07 IST" name="tearDown" finished-at="2026-08-25T16:18:07 IST" duration-ms="279" status="PASS">
          <reporter-output>
          </reporter-output>
        </test-method> <!-- tearDown -->
        <test-method is-config="true" signature="setUp()[pri:0, instance:com.demoqa.tests.ControlTest@2d9caaeb]" started-at="2026-08-25T16:18:07 IST" name="setUp" finished-at="2026-08-25T16:18:13 IST" duration-ms="6093" status="PASS">
          <reporter-output>
          </reporter-output>
        </test-method> <!-- setUp -->
        <test-method signature="verifyCheckboxSelection()[pri:4, instance:com.demoqa.tests.ControlTest@2d9caaeb]" started-at="2026-08-25T16:18:13 IST" name="verifyCheckboxSelection" finished-at="2026-08-25T16:18:15 IST" duration-ms="1564" status="PASS">
          <reporter-output>
          </reporter-output>
        </test-method> <!-- verifyCheckboxSelection -->
        <test-method is-config="true" signature="tearDown()[pri:0, instance:com.demoqa.tests.ControlTest@2d9caaeb]" started-at="2026-08-25T16:18:15 IST" name="tearDown" finished-at="2026-08-25T16:18:15 IST" duration-ms="274" status="PASS">
          <reporter-output>
          </reporter-output>
        </test-method> <!-- tearDown -->
      </class> <!-- com.demoqa.tests.ControlTest -->
    </test> <!-- Test -->
  </suite> <!-- Automation Suite -->
</testng-results>
