<?xml version="1.0" encoding="UTF-8"?>
<!-- Generated by org.testng.reporters.JUnitReportReporter -->
<testsuite hostname="LTPBAN222494485" failures="0" tests="2" name="com.demoqa.tests.UploadDownloadTest" time="20.058" errors="0" timestamp="2026-08-25T16:19:23 IST" skipped="0">
  <testcase classname="com.demoqa.tests.UploadDownloadTest" name="verifyFileDownload" time="12.440"/>
  <testcase classname="com.demoqa.tests.UploadDownloadTest" name="verifyFileUpload" time="7.618"/>
</testsuite> <!-- com.demoqa.tests.UploadDownloadTest -->
