<?xml version="1.0" encoding="UTF-8"?>
<!-- Generated by org.testng.reporters.JUnitReportReporter -->
<testsuite hostname="LTPBAN222494485" failures="0" tests="3" name="com.demoqa.tests.SelectMenuTest" time="23.561" errors="0" timestamp="2026-08-25T16:19:23 IST" skipped="0">
  <testcase classname="com.demoqa.tests.SelectMenuTest" name="verifyOldStyleDropdown" time="7.566"/>
  <testcase classname="com.demoqa.tests.SelectMenuTest" name="verifyAutoSuggestiveDropdown" time="7.713"/>
  <testcase classname="com.demoqa.tests.SelectMenuTest" name="verifyMultiSelectDropdown" time="8.282"/>
</testsuite> <!-- com.demoqa.tests.SelectMenuTest -->
