<?xml version="1.0" encoding="UTF-8"?>
<!-- Generated by org.testng.reporters.JUnitReportReporter -->
<testsuite hostname="LTPBAN222494485" failures="0" tests="5" name="com.demoqa.tests.FormTest" time="43.816" errors="0" timestamp="2026-08-25T16:19:23 IST" skipped="0">
  <testcase classname="com.demoqa.tests.FormTest" name="submitPracticeForm" time="8.875"/>
  <testcase classname="com.demoqa.tests.FormTest" name="submitPracticeForm" time="9.365"/>
  <testcase classname="com.demoqa.tests.FormTest" name="submitPracticeForm" time="8.649"/>
  <testcase classname="com.demoqa.tests.FormTest" name="submitPracticeForm" time="8.287"/>
  <testcase classname="com.demoqa.tests.FormTest" name="submitPracticeForm" time="8.640"/>
</testsuite> <!-- com.demoqa.tests.FormTest -->
