<?xml version="1.0" encoding="UTF-8"?>
<!-- Generated by org.testng.reporters.JUnitReportReporter -->
<testsuite hostname="LTPBAN222494485" failures="0" tests="3" name="com.demoqa.tests.SelectMenuTest" time="26.893" errors="0" timestamp="2026-08-25T15:59:41 IST" skipped="0">
  <testcase classname="com.demoqa.tests.SelectMenuTest" name="verifyOldStyleDropdown" time="6.050"/>
  <testcase classname="com.demoqa.tests.SelectMenuTest" name="verifyAutoSuggestiveDropdown" time="9.205"/>
  <testcase classname="com.demoqa.tests.SelectMenuTest" name="verifyMultiSelectDropdown" time="11.638"/>
</testsuite> <!-- com.demoqa.tests.SelectMenuTest -->
