<?xml version="1.0" encoding="UTF-8"?>
<!-- Generated by org.testng.reporters.JUnitReportReporter -->
<testsuite hostname="LTPBAN222494485" failures="0" tests="5" name="com.demoqa.tests.FormTest" time="51.772" errors="0" timestamp="2026-08-25T15:59:41 IST" skipped="0">
  <testcase classname="com.demoqa.tests.FormTest" name="submitPracticeForm" time="10.120"/>
  <testcase classname="com.demoqa.tests.FormTest" name="submitPracticeForm" time="10.169"/>
  <testcase classname="com.demoqa.tests.FormTest" name="submitPracticeForm" time="12.023"/>
  <testcase classname="com.demoqa.tests.FormTest" name="submitPracticeForm" time="10.182"/>
  <testcase classname="com.demoqa.tests.FormTest" name="submitPracticeForm" time="9.278"/>
</testsuite> <!-- com.demoqa.tests.FormTest -->
