<?xml version="1.0" encoding="UTF-8"?>
<!-- Generated by org.testng.reporters.JUnitReportReporter -->
<testsuite hostname="LTPBAN222494485" failures="0" tests="2" name="com.demoqa.tests.UploadDownloadTest" time="23.593" errors="0" timestamp="2026-08-25T15:59:41 IST" skipped="0">
  <testcase classname="com.demoqa.tests.UploadDownloadTest" name="verifyFileUpload" time="9.327"/>
  <testcase classname="com.demoqa.tests.UploadDownloadTest" name="verifyFileDownload" time="14.266"/>
</testsuite> <!-- com.demoqa.tests.UploadDownloadTest -->
